Unity Editor version:    2021.2.15f1 (3b8567f665bb)
Branch:                  2021.2/release
Build type:              Release
Batch mode:              YES
macOS version:           Version 12.6 (Build 21G115)
Darwin version:          21.6.0
Architecture:            x86_64
Running under Rosetta:   NO
Available memory:        16384 MB
Using pre-set license
Pro License: YES

COMMAND LINE ARGUMENTS:
/Applications/Unity/Hub/Editor/2021.2.15f1/Unity.app/Contents/MacOS/Unity
-adb2
-batchMode
-noUpm
-name
AssetImportWorker0
-projectPath
/Users/faithm/Documents/projects/gamedev/Tower Defense
-logFile
Logs/AssetImportWorker0.log
-srvPort
56817
Successfully changed project path to: /Users/faithm/Documents/projects/gamedev/Tower Defense
/Users/faithm/Documents/projects/gamedev/Tower Defense
[UnityMemory] Configuration Parameters - Can be set up in boot.config
    "memorysetup-bucket-allocator-granularity=16"
    "memorysetup-bucket-allocator-bucket-count=8"
    "memorysetup-bucket-allocator-block-size=33554432"
    "memorysetup-bucket-allocator-block-count=8"
    "memorysetup-main-allocator-block-size=16777216"
    "memorysetup-thread-allocator-block-size=16777216"
    "memorysetup-gfx-main-allocator-block-size=16777216"
    "memorysetup-gfx-thread-allocator-block-size=16777216"
    "memorysetup-cache-allocator-block-size=4194304"
    "memorysetup-typetree-allocator-block-size=2097152"
    "memorysetup-profiler-bucket-allocator-granularity=16"
    "memorysetup-profiler-bucket-allocator-bucket-count=8"
    "memorysetup-profiler-bucket-allocator-block-size=33554432"
    "memorysetup-profiler-bucket-allocator-block-count=8"
    "memorysetup-profiler-allocator-block-size=16777216"
    "memorysetup-profiler-editor-allocator-block-size=1048576"
    "memorysetup-temp-allocator-size-main=16777216"
    "memorysetup-job-temp-allocator-block-size=2097152"
    "memorysetup-job-temp-allocator-block-size-background=1048576"
    "memorysetup-job-temp-allocator-reduction-small-platforms=262144"
    "memorysetup-temp-allocator-size-background-worker=32768"
    "memorysetup-temp-allocator-size-job-worker=262144"
    "memorysetup-temp-allocator-size-preload-manager=33554432"
    "memorysetup-temp-allocator-size-nav-mesh-worker=65536"
    "memorysetup-temp-allocator-size-audio-worker=65536"
    "memorysetup-temp-allocator-size-cloud-worker=32768"
    "memorysetup-temp-allocator-size-gi-baking-worker=262144"
    "memorysetup-temp-allocator-size-gfx=262144"
Refreshing native plugins compatible for Editor in 103.48 ms, found 2 plugins.
Preloading 0 native plugins for Editor in 0.00 ms.
Initialize engine version: 2021.2.15f1 (3b8567f665bb)
[Subsystems] Discovering subsystems at path /Applications/Unity/Hub/Editor/2021.2.15f1/Unity.app/Contents/Resources/UnitySubsystems
[Subsystems] Discovering subsystems at path /Users/faithm/Documents/projects/gamedev/Tower Defense/Assets
GfxDevice: creating device client; threaded=0; jobified=0
SAMSUNG preferred device: Intel(R) Iris(TM) Plus Graphics (low power)
Metal devices available: 1
0: Intel(R) Iris(TM) Plus Graphics (low power)
Using device Intel(R) Iris(TM) Plus Graphics (low power)
Initializing Metal device caps: Intel(R) Iris(TM) Plus Graphics
Initialize mono
Mono path[0] = '/Applications/Unity/Hub/Editor/2021.2.15f1/Unity.app/Contents/Managed'
Mono path[1] = '/Applications/Unity/Hub/Editor/2021.2.15f1/Unity.app/Contents/MonoBleedingEdge/lib/mono/unityjit-macos'
Mono config path = '/Applications/Unity/Hub/Editor/2021.2.15f1/Unity.app/Contents/MonoBleedingEdge/etc'
Using monoOptions --debugger-agent=transport=dt_socket,embedding=1,server=y,suspend=n,address=127.0.0.1:56118
Begin MonoManager ReloadAssembly
Registering precompiled unity dll's ...
Register platform support module: /Applications/Unity/Hub/Editor/2021.2.15f1/PlaybackEngines/WebGLSupport/UnityEditor.WebGL.Extensions.dll
Register platform support module: /Applications/Unity/Hub/Editor/2021.2.15f1/Unity.app/Contents/PlaybackEngines/MacStandaloneSupport/UnityEditor.OSXStandalone.Extensions.dll
Registered in 0.004041 seconds.
Native extension for OSXStandalone target not found
Native extension for WebGL target not found
Refreshing native plugins compatible for Editor in 111.00 ms, found 2 plugins.
Preloading 0 native plugins for Editor in 0.00 ms.
Mono: successfully reloaded assembly
- Completed reload, in  1.229 seconds
Domain Reload Profiling:
	ReloadAssembly (1229ms)
		BeginReloadAssembly (191ms)
			ExecutionOrderSort (0ms)
			DisableScriptedObjects (0ms)
			BackupInstance (0ms)
			ReleaseScriptingObjects (0ms)
			CreateAndSetChildDomain (1ms)
		EndReloadAssembly (836ms)
			LoadAssemblies (193ms)
			RebuildTransferFunctionScriptingTraits (0ms)
			SetupTypeCache (169ms)
			ReleaseScriptCaches (0ms)
			RebuildScriptCaches (54ms)
			SetupLoadedEditorAssemblies (532ms)
				LogAssemblyErrors (0ms)
				InitializePlatformSupportModulesInManaged (11ms)
				SetLoadedEditorAssemblies (0ms)
				RefreshPlugins (111ms)
				BeforeProcessingInitializeOnLoad (2ms)
				ProcessInitializeOnLoadAttributes (300ms)
				ProcessInitializeOnLoadMethodAttributes (108ms)
				AfterProcessingInitializeOnLoad (0ms)
				EditorAssembliesLoaded (0ms)
			ExecutionOrderSort2 (0ms)
			AwakeInstancesAfterBackupRestoration (0ms)
Platform modules already initialized, skipping
Registering precompiled user dll's ...
Registered in 0.004079 seconds.
Begin MonoManager ReloadAssembly
Symbol file LoadedFromMemory doesn't match image /Users/faithm/Documents/projects/gamedev/Tower Defense/Library/PackageCache/com.unity.visualscripting@1.7.6/Editor/VisualScripting.Core/Dependencies/YamlDotNet/Unity.VisualScripting.YamlDotNet.dll
Symbol file LoadedFromMemory doesn't match image /Users/faithm/Documents/projects/gamedev/Tower Defense/Library/PackageCache/com.unity.visualscripting@1.7.6/Editor/VisualScripting.Core/Dependencies/DotNetZip/Unity.VisualScripting.IonicZip.dll
Native extension for OSXStandalone target not found
Native extension for WebGL target not found
Refreshing native plugins compatible for Editor in 0.89 ms, found 2 plugins.
Preloading 0 native plugins for Editor in 0.00 ms.
Mono: successfully reloaded assembly
- Completed reload, in  2.433 seconds
Domain Reload Profiling:
	ReloadAssembly (2434ms)
		BeginReloadAssembly (209ms)
			ExecutionOrderSort (0ms)
			DisableScriptedObjects (14ms)
			BackupInstance (0ms)
			ReleaseScriptingObjects (0ms)
			CreateAndSetChildDomain (40ms)
		EndReloadAssembly (2027ms)
			LoadAssemblies (194ms)
			RebuildTransferFunctionScriptingTraits (0ms)
			SetupTypeCache (493ms)
			ReleaseScriptCaches (1ms)
			RebuildScriptCaches (97ms)
			SetupLoadedEditorAssemblies (1171ms)
				LogAssemblyErrors (0ms)
				InitializePlatformSupportModulesInManaged (11ms)
				SetLoadedEditorAssemblies (1ms)
				RefreshPlugins (1ms)
				BeforeProcessingInitializeOnLoad (367ms)
				ProcessInitializeOnLoadAttributes (744ms)
				ProcessInitializeOnLoadMethodAttributes (46ms)
				AfterProcessingInitializeOnLoad (1ms)
				EditorAssembliesLoaded (0ms)
			ExecutionOrderSort2 (0ms)
			AwakeInstancesAfterBackupRestoration (5ms)
Platform modules already initialized, skipping
========================================================================
Worker process is ready to serve import requests
Launching external process: /Applications/Unity/Hub/Editor/2021.2.15f1/Unity.app/Contents/Tools/UnityShaderCompiler
Launched and connected shader compiler UnityShaderCompiler after 0.10 seconds
Refreshing native plugins compatible for Editor in 0.67 ms, found 2 plugins.
Preloading 0 native plugins for Editor in 0.00 ms.
Unloading 3220 Unused Serialized files (Serialized files now loaded: 0)
Unloading 23 unused Assets / (95.9 KB). Loaded Objects now: 3680.
Memory consumption went from 218.3 MB to 218.2 MB.
Total: 3.180833 ms (FindLiveObjects: 0.228887 ms CreateObjectMapping: 0.133249 ms MarkObjects: 2.647074 ms  DeleteObjects: 0.169099 ms)

AssetImportParameters requested are different than current active one (requested -> active):
  custom:video-decoder-ogg-theora: a1e56fd34408186e4bbccfd4996cb3dc -> 
  custom:container-muxer-webm: aa71ff27fc2769a1b78a27578f13a17b -> 
  custom:container-demuxer-webm: 4f35f7cbe854078d1ac9338744f61a02 -> 
  custom:video-encoder-webm-vp8: eb34c28f22e8b96e1ab97ce403110664 -> 
  custom:framework-osx-AVFoundation: e770b220cccbd017edd2c1fefb359320 -> 
  custom:audio-encoder-webm-vorbis: bf7c407c2cedff20999df2af8eb42d56 -> 
  custom:container-demuxer-ogg: 62fdf1f143b41e24485cea50d1cbac27 -> 
  custom:video-decoder-webm-vp8: 9c59270c3fd7afecdb556c50c9e8de78 -> 
  custom:audio-decoder-ogg-vorbis: bf7c407c2cedff20999df2af8eb42d56 -> 
========================================================================
Received Import Request.
  Time since last request: 7339.999394 seconds.
  path: Assets/Assets/Node.prefab
  artifactKey: Guid(cb6ddf62ece544b2185cbc75ba401bfa) Importer(815301076,1909f56bfc062723c751e8b465ee728b)
Start importing Assets/Assets/Node.prefab using Guid(cb6ddf62ece544b2185cbc75ba401bfa) Importer(815301076,1909f56bfc062723c751e8b465ee728b)  -> (artifact id: 'c297b9dcfcd90305db2e0487b259216f') in 4.456865 seconds 
========================================================================
Received Import Request.
  Time since last request: 983.979380 seconds.
  path: Assets/Scenes/SampleScene.unity
  artifactKey: Guid(9fc0d4010bbf28b4594072e72b8655ab) Importer(815301076,1909f56bfc062723c751e8b465ee728b)
Start importing Assets/Scenes/SampleScene.unity using Guid(9fc0d4010bbf28b4594072e72b8655ab) Importer(815301076,1909f56bfc062723c751e8b465ee728b)  -> (artifact id: '7dd29032bdc6f8ee56b3d28cb9d372fd') in 0.007967 seconds 
========================================================================
Received Import Request.
  Time since last request: 125.326618 seconds.
  path: Assets/Scenes/MainScene.unity
  artifactKey: Guid(d3bb770c6ca7a4528b6826d8e8cb2260) Importer(815301076,1909f56bfc062723c751e8b465ee728b)
Start importing Assets/Scenes/MainScene.unity using Guid(d3bb770c6ca7a4528b6826d8e8cb2260) Importer(815301076,1909f56bfc062723c751e8b465ee728b)  -> (artifact id: '2f90d4bac498c1eea52406af739450ff') in 0.003152 seconds 
========================================================================
Received Import Request.
  Time since last request: 234.508763 seconds.
  path: Assets/Assets/Ground.mat
  artifactKey: Guid(abc0c014253ee45e9b7f456a6bb0e2ea) Importer(815301076,1909f56bfc062723c751e8b465ee728b)
Start importing Assets/Assets/Ground.mat using Guid(abc0c014253ee45e9b7f456a6bb0e2ea) Importer(815301076,1909f56bfc062723c751e8b465ee728b)  -> (artifact id: '3838050d208eb0ab7aa0087039cafd03') in 0.899451 seconds 
========================================================================
Received Import Request.
  Time since last request: 1852.888263 seconds.
  path: Assets/Assets
  artifactKey: Guid(169228045537b4a4a932396c36fc22dd) Importer(815301076,1909f56bfc062723c751e8b465ee728b)
Start importing Assets/Assets using Guid(169228045537b4a4a932396c36fc22dd) Importer(815301076,1909f56bfc062723c751e8b465ee728b)  -> (artifact id: 'ca4586779b193fc57d12267688c32f52') in 0.005697 seconds 
========================================================================
Received Import Request.
  Time since last request: 104.548019 seconds.
  path: Assets/Assets/Material.mat
  artifactKey: Guid(b18ea3106317e42718e6a356954dfaa1) Importer(815301076,1909f56bfc062723c751e8b465ee728b)
Start importing Assets/Assets/Material.mat using Guid(b18ea3106317e42718e6a356954dfaa1) Importer(815301076,1909f56bfc062723c751e8b465ee728b)  -> (artifact id: '4a07d5df55e15f0f5f58a951c990e9bd') in 0.036099 seconds 
========================================================================
Received Import Request.
  Time since last request: 3.885273 seconds.
  path: Assets/Assets/Start.mat
  artifactKey: Guid(b18ea3106317e42718e6a356954dfaa1) Importer(815301076,1909f56bfc062723c751e8b465ee728b)
Start importing Assets/Assets/Start.mat using Guid(b18ea3106317e42718e6a356954dfaa1) Importer(815301076,1909f56bfc062723c751e8b465ee728b)  -> (artifact id: '854d82ba8ae8e9410b2f1f969ad63882') in 0.022114 seconds 
========================================================================
Received Import Request.
  Time since last request: 77.595632 seconds.
  path: Assets/Assets/End.mat
  artifactKey: Guid(eafe9d1aa939f45949e0216506f03b36) Importer(815301076,1909f56bfc062723c751e8b465ee728b)
Start importing Assets/Assets/End.mat using Guid(eafe9d1aa939f45949e0216506f03b36) Importer(815301076,1909f56bfc062723c751e8b465ee728b)  -> (artifact id: '48e9a0711e2cec84616a6b0f313e67ea') in 0.015142 seconds 
========================================================================
Received Import Request.
  Time since last request: 70.621240 seconds.
  path: Assets/Assets/End.mat
  artifactKey: Guid(eafe9d1aa939f45949e0216506f03b36) Importer(815301076,1909f56bfc062723c751e8b465ee728b)
Start importing Assets/Assets/End.mat using Guid(eafe9d1aa939f45949e0216506f03b36) Importer(815301076,1909f56bfc062723c751e8b465ee728b)  -> (artifact id: '846c3deef31f87a9645e2fe9c3a50426') in 0.016205 seconds 
========================================================================
Received Import Request.
  Time since last request: 0.000125 seconds.
  path: Assets/Assets/Start.mat
  artifactKey: Guid(b18ea3106317e42718e6a356954dfaa1) Importer(815301076,1909f56bfc062723c751e8b465ee728b)
Start importing Assets/Assets/Start.mat using Guid(b18ea3106317e42718e6a356954dfaa1) Importer(815301076,1909f56bfc062723c751e8b465ee728b)  -> (artifact id: 'ba3164206ba20ad556b92324a8dc055a') in 0.022827 seconds 
